[22:56:49] [ServerMain/INFO]: [bootstrap] Running Java 21 (OpenJDK 64-Bit Server VM 21.0.8+9-Ubuntu-0ubuntu124.04.1; Ubuntu null) on Linux 6.8.0-1030-azure (amd64)
[22:56:49] [ServerMain/INFO]: [bootstrap] Loading Paper 1.21.8-6-main@782ce95 (2025-07-18T20:26:58Z) for Minecraft 1.21.8
[22:56:49] [ServerMain/INFO]: [PluginInitializerManager] Initializing plugins...
[22:56:50] [ServerMain/INFO]: [PluginInitializerManager] Initialized 0 plugins
[22:56:52] [Paper Plugin Remapper Thread - 0/INFO]: [ReobfServer] Remapping server...
[22:57:05] [ServerMain/INFO]: Environment: Environment[sessionHost=https://sessionserver.mojang.com, servicesHost=https://api.minecraftservices.com, name=PROD]
[22:57:05] [ServerMain/INFO]: Found new data pack file/bukkit, loading it automatically
[22:57:05] [ServerMain/INFO]: Found new data pack paper, loading it automatically
[22:57:07] [Paper Plugin Remapper Thread - 0/INFO]: [ReobfServer] Done remapping server in 15374ms.
[22:57:07] [ServerMain/INFO]: No existing world data, creating new world
[22:57:09] [ServerMain/INFO]: Loaded 1407 recipes
[22:57:09] [ServerMain/INFO]: Loaded 1520 advancements
[22:57:09] [ServerMain/INFO]: [ca.spottedleaf.dataconverter.minecraft.datatypes.MCTypeRegistry] Initialising converters for DataConverter...
[22:57:10] [ServerMain/INFO]: [ca.spottedleaf.dataconverter.minecraft.datatypes.MCTypeRegistry] Finished initialising converters for DataConverter in 862.9ms
[22:57:10] [Server thread/INFO]: Starting minecraft server version 1.21.8
[22:57:10] [Server thread/INFO]: Loading properties
[22:57:11] [Server thread/INFO]: This server is running Paper version 1.21.8-6-main@782ce95 (2025-07-18T20:26:58Z) (Implementing API version 1.21.8-R0.1-SNAPSHOT)
[22:57:11] [Server thread/INFO]: [spark] This server bundles the spark profiler. For more information please visit https://docs.papermc.io/paper/profiling
[22:57:11] [Server thread/INFO]: Using 4 threads for Netty based IO
[22:57:11] [Server thread/INFO]: Server Ping Player Sample Count: 12
[22:57:12] [Server thread/INFO]: [MoonriseCommon] Paper is using 1 worker threads, 1 I/O threads
[22:57:12] [Server thread/INFO]: [ChunkTaskScheduler] Chunk system is using population gen parallelism: true
[22:57:12] [Server thread/INFO]: Default game type: SURVIVAL
[22:57:12] [Server thread/INFO]: Generating keypair
[22:57:13] [Server thread/INFO]: Starting Minecraft server on *:25565
[22:57:13] [Server thread/INFO]: Using epoll channel type
[22:57:13] [Server thread/INFO]: Paper: Using libdeflate (Linux x86_64) compression from Velocity.
[22:57:13] [Server thread/INFO]: Paper: Using OpenSSL 3.x.x (Linux x86_64) cipher from Velocity.
[22:57:13] [Server thread/WARN]: **** SERVER IS RUNNING IN OFFLINE/INSECURE MODE!
[22:57:13] [Server thread/WARN]: The server will make no attempt to authenticate usernames. Beware.
[22:57:13] [Server thread/WARN]: While this makes the game possible to play without internet access, it also opens up the ability for hackers to connect with any username they choose.
[22:57:13] [Server thread/WARN]: To change this, set "online-mode" to "true" in the server.properties file.
[22:57:13] [Server thread/INFO]: Preparing level "world"
[22:57:31] [Server thread/INFO]: Preparing start region for dimension minecraft:overworld
[22:57:31] [Server thread/INFO]: Preparing spawn area: 2%
[22:57:31] [Server thread/INFO]: Preparing spawn area: 2%
[22:57:32] [Server thread/INFO]: Preparing spawn area: 2%
[22:57:32] [Server thread/INFO]: Preparing spawn area: 2%
[22:57:33] [Server thread/INFO]: Preparing spawn area: 2%
[22:57:33] [Server thread/INFO]: Preparing spawn area: 2%
[22:57:34] [Server thread/INFO]: Preparing spawn area: 2%
[22:57:34] [Server thread/INFO]: Preparing spawn area: 14%
[22:57:35] [Server thread/INFO]: Preparing spawn area: 18%
[22:57:35] [Server thread/INFO]: Preparing spawn area: 18%
[22:57:36] [Server thread/INFO]: Preparing spawn area: 18%
[22:57:36] [Server thread/INFO]: Preparing spawn area: 18%
[22:57:37] [Server thread/INFO]: Preparing spawn area: 18%
[22:57:37] [Server thread/INFO]: Preparing spawn area: 18%
[22:57:38] [Server thread/INFO]: Preparing spawn area: 38%
[22:57:38] [Server thread/INFO]: Preparing spawn area: 38%
[22:57:39] [Server thread/INFO]: Preparing spawn area: 51%
[22:57:39] [Server thread/INFO]: Preparing spawn area: 55%
[22:57:40] [Server thread/INFO]: Preparing spawn area: 55%
[22:57:40] [Server thread/INFO]: Preparing spawn area: 55%
[22:57:41] [Server thread/INFO]: Preparing spawn area: 55%
[22:57:41] [Server thread/INFO]: Preparing spawn area: 55%
[22:57:42] [Server thread/INFO]: Preparing spawn area: 67%
[22:57:42] [Server thread/INFO]: Preparing spawn area: 69%
[22:57:42] [Server thread/INFO]: Time elapsed: 11652 ms
[22:57:42] [Server thread/INFO]: Preparing start region for dimension minecraft:the_nether
[22:57:42] [Server thread/INFO]: Preparing spawn area: 2%
[22:57:43] [Server thread/INFO]: Preparing spawn area: 2%
[22:57:43] [Server thread/INFO]: Preparing spawn area: 14%
[22:57:44] [Server thread/INFO]: Preparing spawn area: 30%
[22:57:44] [Server thread/INFO]: Preparing spawn area: 51%
[22:57:45] [Server thread/INFO]: Preparing spawn area: 59%
[22:57:45] [Server thread/INFO]: Time elapsed: 2869 ms
[22:57:45] [Server thread/INFO]: Preparing start region for dimension minecraft:the_end
[22:57:45] [Server thread/INFO]: Preparing spawn area: 2%
[22:57:46] [Server thread/INFO]: Preparing spawn area: 4%
[22:57:46] [Server thread/INFO]: Time elapsed: 969 ms
[22:57:46] [Server thread/INFO]: [spark] Starting background profiler...
[22:57:47] [Server thread/INFO]: Done preparing level "world" (33.520s)
[22:57:47] [Server thread/INFO]: Running delayed init tasks
[22:57:47] [Server thread/INFO]: Done (58.867s)! For help, type "help"
[22:57:47] [Server thread/INFO]: *************************************************************************************
[22:57:47] [Server thread/INFO]: This is the first time you're starting this server.
[22:57:47] [Server thread/INFO]: It's recommended you read our 'Getting Started' documentation for guidance.
[22:57:47] [Server thread/INFO]: View this and more helpful information here: https://docs.papermc.io/paper/next-steps
[22:57:47] [Server thread/INFO]: *************************************************************************************
[22:57:54] [User Authenticator #0/INFO]: UUID of player elishamc is e0368f80-2709-3fd1-92d2-6ec6291eb832
[22:57:55] [Server thread/INFO]: elishamc joined the game
[22:57:55] [Server thread/INFO]: elishamc[/127.216.240.228:34541] logged in with entity id 47 at ([world]-372.5, 74.0, 350.5)
[22:59:47] [Server thread/INFO]: elishamc lost connection: Disconnected
[22:59:47] [Server thread/INFO]: elishamc left the game
[22:59:55] [Server thread/INFO]: Stopping the server
[22:59:55] [Server thread/INFO]: Stopping server
[22:59:55] [Server thread/INFO]: Saving players
[22:59:55] [Server thread/INFO]: Saving worlds
[22:59:55] [Server thread/INFO]: Saving chunks for level 'ServerLevel[world]'/minecraft:overworld
[22:59:55] [Server thread/INFO]: [ChunkHolderManager] Waiting 60s for chunk system to halt for world 'world'
[22:59:55] [Server thread/INFO]: [ChunkHolderManager] Halted chunk system for world 'world'
[22:59:55] [Server thread/INFO]: [ChunkHolderManager] Saving all chunkholders for world 'world'
[22:59:59] [Server thread/INFO]: [ChunkHolderManager] Saved 2184 block chunks, 675 entity chunks, 28 poi chunks in world 'world' in 3.66s
[22:59:59] [Server thread/INFO]: [ChunkHolderManager] Waiting 60s for chunk I/O to halt for world 'world'
[22:59:59] [Server thread/INFO]: [ChunkHolderManager] Halted I/O scheduler for world 'world'
[22:59:59] [Server thread/INFO]: Saving chunks for level 'ServerLevel[world_nether]'/minecraft:the_nether
[22:59:59] [Server thread/INFO]: [ChunkHolderManager] Waiting 60s for chunk system to halt for world 'world_nether'
[22:59:59] [Server thread/INFO]: [ChunkHolderManager] Halted chunk system for world 'world_nether'
[22:59:59] [Server thread/INFO]: [ChunkHolderManager] Saving all chunkholders for world 'world_nether'
[22:59:59] [Server thread/INFO]: [ChunkHolderManager] Saved 841 block chunks, 49 entity chunks, 0 poi chunks in world 'world_nether' in 0.41s
[22:59:59] [Server thread/INFO]: [ChunkHolderManager] Waiting 60s for chunk I/O to halt for world 'world_nether'
[22:59:59] [Server thread/INFO]: [ChunkHolderManager] Halted I/O scheduler for world 'world_nether'
[22:59:59] [Server thread/INFO]: Saving chunks for level 'ServerLevel[world_the_end]'/minecraft:the_end
[22:59:59] [Server thread/INFO]: [ChunkHolderManager] Waiting 60s for chunk system to halt for world 'world_the_end'
[22:59:59] [Server thread/INFO]: [ChunkHolderManager] Halted chunk system for world 'world_the_end'
[22:59:59] [Server thread/INFO]: [ChunkHolderManager] Saving all chunkholders for world 'world_the_end'
[23:00:00] [Server thread/INFO]: [ChunkHolderManager] Saved 841 block chunks, 49 entity chunks, 0 poi chunks in world 'world_the_end' in 0.40s
[23:00:00] [Server thread/INFO]: [ChunkHolderManager] Waiting 60s for chunk I/O to halt for world 'world_the_end'
[23:00:00] [Server thread/INFO]: [ChunkHolderManager] Halted I/O scheduler for world 'world_the_end'
[23:00:00] [Server thread/INFO]: ThreadedAnvilChunkStorage (world): All chunks are saved
[23:00:00] [Server thread/INFO]: ThreadedAnvilChunkStorage (DIM-1): All chunks are saved
[23:00:00] [Server thread/INFO]: ThreadedAnvilChunkStorage (DIM1): All chunks are saved
[23:00:00] [Server thread/INFO]: ThreadedAnvilChunkStorage: All dimensions are saved
[23:00:00] [Server thread/INFO]: Waiting for all RegionFile I/O tasks to complete...
[23:00:00] [Server thread/INFO]: All RegionFile I/O tasks to complete
[23:00:00] [Server thread/INFO]: [MoonriseCommon] Awaiting termination of worker pool for up to 60s...
[23:00:00] [Server thread/INFO]: [MoonriseCommon] Awaiting termination of I/O pool for up to 60s...
